# JRE version: Java(TM) SE Runtime Environment (8.0_144-b01) (build 1.8.0_144-b01)
# Java VM: Java HotSpot(TM) Client VM (25.144-b01 mixed mode windows-x86 )
Heap:
 garbage-first heap   total 59392K, used 17672K [0x05400000, 0x055000e8, 0x45400000)
  region size 1024K, 0 young (0K), 0 survivors (0K)
 Metaspace       used 24935K, capacity 26015K, committed 26240K, reserved 27008K
GC Heap History (10 events):
Event: 218971.314 GC heap after
Heap after GC invocations=21215 (full 21165):
 garbage-first heap   total 59392K, used 17672K [0x05400000, 0x055000e8, 0x45400000)
  region size 1024K, 0 young (0K), 0 survivors (0K)
 Metaspace       used 24935K, capacity 26015K, committed 26240K, reserved 27008K
}
Event: 218981.477 GC heap before
{Heap before GC invocations=21215 (full 21165):
 garbage-first heap   total 59392K, used 17672K [0x05400000, 0x055000e8, 0x45400000)
  region size 1024K, 1 young (1024K), 0 survivors (0K)
 Metaspace       used 24935K, capacity 26015K, committed 26240K, reserved 27008K
Event: 218981.726 GC heap after
Heap after GC invocations=21216 (full 21166):
 garbage-first heap   total 59392K, used 17672K [0x05400000, 0x055000e8, 0x45400000)
  region size 1024K, 0 young (0K), 0 survivors (0K)
 Metaspace       used 24935K, capacity 26015K, committed 26240K, reserved 27008K
}
Event: 218991.883 GC heap before
{Heap before GC invocations=21216 (full 21166):
 garbage-first heap   total 59392K, used 17672K [0x05400000, 0x055000e8, 0x45400000)
  region size 1024K, 1 young (1024K), 0 survivors (0K)
 Metaspace       used 24935K, capacity 26015K, committed 26240K, reserved 27008K
Event: 218992.123 GC heap after
Heap after GC invocations=21217 (full 21167):
 garbage-first heap   total 59392K, used 17672K [0x05400000, 0x055000e8, 0x45400000)
  region size 1024K, 0 young (0K), 0 survivors (0K)
 Metaspace       used 24935K, capacity 26015K, committed 26240K, reserved 27008K
}
Event: 219002.284 GC heap before
{Heap before GC invocations=21217 (full 21167):
 garbage-first heap   total 59392K, used 17672K [0x05400000, 0x055000e8, 0x45400000)
  region size 1024K, 1 young (1024K), 0 survivors (0K)
 Metaspace       used 24935K, capacity 26015K, committed 26240K, reserved 27008K
Event: 219002.542 GC heap after
Heap after GC invocations=21218 (full 21168):
 garbage-first heap   total 59392K, used 17672K [0x05400000, 0x055000e8, 0x45400000)
  region size 1024K, 0 young (0K), 0 survivors (0K)
 Metaspace       used 24935K, capacity 26015K, committed 26240K, reserved 27008K
}
Event: 219012.715 GC heap before
{Heap before GC invocations=21218 (full 21168):
 garbage-first heap   total 59392K, used 17672K [0x05400000, 0x055000e8, 0x45400000)
  region size 1024K, 1 young (1024K), 0 survivors (0K)
 Metaspace       used 24935K, capacity 26015K, committed 26240K, reserved 27008K
Event: 219012.963 GC heap after
Heap after GC invocations=21219 (full 21169):
 garbage-first heap   total 59392K, used 17672K [0x05400000, 0x055000e8, 0x45400000)
  region size 1024K, 0 young (0K), 0 survivors (0K)
 Metaspace       used 24935K, capacity 26015K, committed 26240K, reserved 27008K
}
Event: 219023.121 GC heap before
{Heap before GC invocations=21219 (full 21169):
 garbage-first heap   total 59392K, used 17672K [0x05400000, 0x055000e8, 0x45400000)
  region size 1024K, 1 young (1024K), 0 survivors (0K)
 Metaspace       used 24935K, capacity 26015K, committed 26240K, reserved 27008K

